{
  "stats": {
    "suites": 1,
    "tests": 1,
    "passes": 1,
    "pending": 0,
    "failures": 0,
    "start": "2021-12-30T16:16:19.618Z",
    "end": "2021-12-30T16:16:23.665Z",
    "duration": 4047,
    "testsRegistered": 1,
    "passPercent": 100,
    "pendingPercent": 0,
    "other": 0,
    "hasOther": false,
    "skipped": 0,
    "hasSkipped": false
  },
  "results": [
    {
      "uuid": "327ffc91-c520-4e67-9bd0-b37068e5ec8f",
      "title": "",
      "fullFile": "cypress/integration/visual.spec.js",
      "file": "cypress/integration/visual.spec.js",
      "beforeHooks": [],
      "afterHooks": [],
      "tests": [],
      "suites": [
        {
          "uuid": "ee448722-bf3d-4305-a5a6-078beb9132cf",
          "title": "visual test",
          "fullFile": "",
          "file": "",
          "beforeHooks": [],
          "afterHooks": [],
          "tests": [
            {
              "title": "should test snapshot",
              "fullTitle": "visual test should test snapshot",
              "timedOut": null,
              "duration": 1605,
              "state": "passed",
              "speed": "fast",
              "pass": true,
              "fail": false,
              "pending": false,
              "context": null,
              "code": "cy.visit('/');\ncy.contains('Gerome').then(authorName => {\n  cy.wrap(authorName).toMatchImageSnapshot(); // To take snapshot of entire document\n  cy.document().toMatchImageSnapshot();\n});",
              "err": {},
              "uuid": "4c8eaeeb-adaa-404f-b150-2400d8fb74d8",
              "parentUUID": "ee448722-bf3d-4305-a5a6-078beb9132cf",
              "isHook": false,
              "skipped": false
            }
          ],
          "suites": [],
          "passes": [
            "4c8eaeeb-adaa-404f-b150-2400d8fb74d8"
          ],
          "failures": [],
          "pending": [],
          "skipped": [],
          "duration": 1605,
          "root": false,
          "rootEmpty": false,
          "_timeout": 2000
        }
      ],
      "passes": [],
      "failures": [],
      "pending": [],
      "skipped": [],
      "duration": 0,
      "root": true,
      "rootEmpty": true,
      "_timeout": 2000
    }
  ],
  "meta": {
    "mocha": {
      "version": "7.0.1"
    },
    "mochawesome": {
      "options": {
        "quiet": false,
        "reportFilename": "mochawesome",
        "saveHtml": false,
        "saveJson": true,
        "consoleReporter": "spec",
        "useInlineDiffs": false,
        "code": true
      },
      "version": "7.0.1"
    },
    "marge": {
      "options": {
        "id": "default",
        "reportDir": "cypress/results/mochawesome",
        "overwrite": false,
        "html": false,
        "json": true
      },
      "version": "6.0.1"
    }
  }
}