{
  "stats": {
    "suites": 1,
    "tests": 6,
    "passes": 6,
    "pending": 0,
    "failures": 0,
    "start": "2021-12-29T14:48:59.478Z",
    "end": "2021-12-29T14:49:08.834Z",
    "duration": 9356,
    "testsRegistered": 6,
    "passPercent": 100,
    "pendingPercent": 0,
    "other": 0,
    "hasOther": false,
    "skipped": 0,
    "hasSkipped": false
  },
  "results": [
    {
      "uuid": "e0715f47-fd68-46c6-8e0e-cadb78a247b3",
      "title": "",
      "fullFile": "cypress/integration/firstTest.spec.js",
      "file": "cypress/integration/firstTest.spec.js",
      "beforeHooks": [],
      "afterHooks": [],
      "tests": [],
      "suites": [
        {
          "uuid": "35f2db25-bfb3-4725-95b3-60e8e445a04f",
          "title": "Test with backend",
          "fullFile": "",
          "file": "",
          "beforeHooks": [],
          "afterHooks": [],
          "tests": [
            {
              "title": "verify correct request and response",
              "fullTitle": "Test with backend verify correct request and response",
              "timedOut": null,
              "duration": 2745,
              "state": "passed",
              "speed": "fast",
              "pass": true,
              "fail": false,
              "pending": false,
              "context": null,
              "code": "cy.intercept('POST', '**/articles').as('postArticles');\ncy.contains('New Article').click();\ncy.get('[formcontrolname=\"title\"]').type('This is a title');\ncy.get('[formcontrolname=\"description\"]').type('This is a description');\ncy.get('[formcontrolname=\"body\"]').type('This is the body of the article');\ncy.contains('Publish Article').click();\ncy.wait('@postArticles');\ncy.get('@postArticles').then(xhr => {\n  expect(xhr.response.statusCode).to.equal(307);\n  expect(xhr.request.body.article.body).to.equal('This is the body of the article');\n  expect(xhr.request.body.article.description).to.equal('This is a description');\n});",
              "err": {},
              "uuid": "1d65b75e-9357-4e76-8398-0a9b473dcf80",
              "parentUUID": "35f2db25-bfb3-4725-95b3-60e8e445a04f",
              "isHook": false,
              "skipped": false
            },
            {
              "title": "intercepting and modifying a request and response",
              "fullTitle": "Test with backend intercepting and modifying a request and response",
              "timedOut": null,
              "duration": 2342,
              "state": "passed",
              "speed": "fast",
              "pass": true,
              "fail": false,
              "pending": false,
              "context": null,
              "code": "cy.intercept('POST', '**/articles', req => {\n  req.body.article.description = \"This is a modified description\";\n}).as('postArticles'); // Example of intercepting the response\n// cy.intercept('POST', '**/articles', (req) => {\n//     req.reply( res => {\n//         expect(res.body.article.description).to.equal(\"This is a modified description\")\n//         req.body.article.description = \"This is a modified description\"\n//     })\n// }).as('postArticles')\ncy.contains('New Article').click();\ncy.get('[formcontrolname=\"title\"]').type('This is a new title');\ncy.get('[formcontrolname=\"description\"]').type('This is a description');\ncy.get('[formcontrolname=\"body\"]').type('This is the body of the article');\ncy.contains('Publish Article').click();\ncy.wait('@postArticles');\ncy.get('@postArticles').then(xhr => {\n  expect(xhr.response.statusCode).to.equal(307);\n  expect(xhr.request.body.article.body).to.equal('This is the body of the article');\n  expect(xhr.request.body.article.description).to.equal('This is a modified description');\n});",
              "err": {},
              "uuid": "7b952f54-7d47-400c-aba9-24cca94b29d8",
              "parentUUID": "35f2db25-bfb3-4725-95b3-60e8e445a04f",
              "isHook": false,
              "skipped": false
            },
            {
              "title": "should get tags from fixture",
              "fullTitle": "Test with backend should get tags from fixture",
              "timedOut": null,
              "duration": 776,
              "state": "passed",
              "speed": "fast",
              "pass": true,
              "fail": false,
              "pending": false,
              "context": null,
              "code": "cy.get('.tag-list').should('contain', 'cypress').and('contain', 'automation').and('contain', 'rules');",
              "err": {},
              "uuid": "0e7e3eae-3e9b-445c-b2fc-e3e82b0acee3",
              "parentUUID": "35f2db25-bfb3-4725-95b3-60e8e445a04f",
              "isHook": false,
              "skipped": false
            },
            {
              "title": "verify global feed likes count",
              "fullTitle": "Test with backend verify global feed likes count",
              "timedOut": null,
              "duration": 910,
              "state": "passed",
              "speed": "fast",
              "pass": true,
              "fail": false,
              "pending": false,
              "context": null,
              "code": "cy.intercept('GET', '**/articles/feed*', {\n  \"articles\": [],\n  \"articlesCount\": 0\n});\ncy.intercept('GET', '**/articles*', {\n  'fixture': 'articles.json'\n});\ncy.contains('Global Feed').click();\ncy.get('app-article-list button').then(listOfButtons => {\n  expect(listOfButtons[0]).to.contain('1');\n  expect(listOfButtons[1]).to.contain('0');\n  expect(listOfButtons[2]).to.contain('0');\n});\ncy.fixture('articles').then(file => {\n  const articleLink = file.articles[1].slug;\n  cy.intercept('POST', '**/articles/' + articleLink + '/favorite', file);\n}); // Increase count from '0' to '1'\ncy.get('app-article-list button').eq(1).click().should('contain', '1');",
              "err": {},
              "uuid": "431ef7ce-8d87-4ff6-8b2c-d029777c6c35",
              "parentUUID": "35f2db25-bfb3-4725-95b3-60e8e445a04f",
              "isHook": false,
              "skipped": false
            },
            {
              "title": "delete a new API article using the  UI",
              "fullTitle": "Test with backend delete a new API article using the  UI",
              "timedOut": null,
              "duration": 1492,
              "state": "passed",
              "speed": "fast",
              "pass": true,
              "fail": false,
              "pending": false,
              "context": null,
              "code": "const userCredentials = {\n  \"user\": {\n    \"email\": \"hsimpson@example.com\",\n    \"password\": \"password\"\n  }\n};\nconst bodyRequest = {\n  \"article\": {\n    \"tagList\": [],\n    \"title\": \"Request from API\",\n    \"description\": \"API testing is easy\",\n    \"body\": \"Angular is cool\"\n  }\n};\ncy.request('POST', Cypress.env('apiUrl') + '/api/users/login', userCredentials).its('body').then(body => {\n  const token = body.user.token;\n  cy.request({\n    url: Cypress.env('apiUrl') + '/api/articles',\n    headers: {\n      'Authorization': 'Token ' + token\n    },\n    method: 'POST',\n    body: bodyRequest\n  }).then(response => {\n    expect(response.status).to.equal(200);\n    console.log(response.body.article.slug);\n  });\n  cy.contains('Global Feed').click();\n  cy.get('.article-preview').first().click();\n  cy.get('.article-actions').contains('Delete Article').click();\n});",
              "err": {},
              "uuid": "efddc5f9-2acf-4e5d-b58c-5e96b03f22ef",
              "parentUUID": "35f2db25-bfb3-4725-95b3-60e8e445a04f",
              "isHook": false,
              "skipped": false
            },
            {
              "title": "delete a new API article using the API",
              "fullTitle": "Test with backend delete a new API article using the API",
              "timedOut": null,
              "duration": 990,
              "state": "passed",
              "speed": "fast",
              "pass": true,
              "fail": false,
              "pending": false,
              "context": null,
              "code": "const userCredentials = {\n  \"user\": {\n    \"email\": \"hsimpson@example.com\",\n    \"password\": \"password\"\n  }\n};\nconst bodyRequest = {\n  \"article\": {\n    \"tagList\": [],\n    \"title\": \"Request from API\",\n    \"description\": \"API testing is easy\",\n    \"body\": \"Angular is cool\"\n  }\n};\ncy.get('@token').then(token => {\n  cy.request({\n    url: Cypress.env('apiUrl') + '/api/articles',\n    headers: {\n      'Authorization': 'Token ' + token\n    },\n    method: 'POST',\n    body: bodyRequest\n  }).then(response1 => {\n    expect(response1.status).to.equal(200);\n    const articleSlug = response1.body.article.slug; // Delete article via API\n    cy.request({\n      url: Cypress.env('apiUrl') + \"/api/articles/\" + articleSlug,\n      headers: {\n        'Authorization': 'Token ' + token\n      },\n      method: 'DELETE'\n    }).then(response2 => {\n      expect(response2.status).to.equal(204);\n    }); // Check that article doesn't exist via API\n    cy.request({\n      url: Cypress.env('apiUrl') + \"/api/articles/\" + articleSlug,\n      headers: {\n        'Authorization': 'Token ' + token\n      },\n      method: 'GET'\n    }); // .then(response2 => {\n    //     console.log(response2)\n    //     expect(response2.body).to.have.property('author')\n    // })\n  }); // Delete article via UI\n  // cy.contains('Global Feed').click()\n  // cy.get('.article-preview').first().click()\n  // cy.get('.article-actions').contains('Delete Article').click()\n  // Verify that article has been deleted (not returned as first article)\n  cy.request({\n    url: Cypress.env('apiUrl') + '/api/articles?limit=10&offset=0',\n    headers: {\n      'Authorization': 'Token ' + token\n    },\n    method: 'GET'\n  }).its('body').then(body => {\n    console.log(body);\n    expect(body.articles[0].title).not.to.equal('Request from API');\n  });\n});",
              "err": {},
              "uuid": "9c9ac6b7-8a8e-4a25-9895-19ad812a7074",
              "parentUUID": "35f2db25-bfb3-4725-95b3-60e8e445a04f",
              "isHook": false,
              "skipped": false
            }
          ],
          "suites": [],
          "passes": [
            "1d65b75e-9357-4e76-8398-0a9b473dcf80",
            "7b952f54-7d47-400c-aba9-24cca94b29d8",
            "0e7e3eae-3e9b-445c-b2fc-e3e82b0acee3",
            "431ef7ce-8d87-4ff6-8b2c-d029777c6c35",
            "efddc5f9-2acf-4e5d-b58c-5e96b03f22ef",
            "9c9ac6b7-8a8e-4a25-9895-19ad812a7074"
          ],
          "failures": [],
          "pending": [],
          "skipped": [],
          "duration": 9255,
          "root": false,
          "rootEmpty": false,
          "_timeout": 2000
        }
      ],
      "passes": [],
      "failures": [],
      "pending": [],
      "skipped": [],
      "duration": 0,
      "root": true,
      "rootEmpty": true,
      "_timeout": 2000
    }
  ],
  "meta": {
    "mocha": {
      "version": "7.0.1"
    },
    "mochawesome": {
      "options": {
        "quiet": false,
        "reportFilename": "mochawesome",
        "saveHtml": false,
        "saveJson": true,
        "consoleReporter": "spec",
        "useInlineDiffs": false,
        "code": true
      },
      "version": "7.0.1"
    },
    "marge": {
      "options": {
        "id": "default",
        "reportDir": "cypress/results/mochawesome",
        "overwrite": false,
        "html": false,
        "json": true
      },
      "version": "6.0.1"
    }
  }
}