<?xml version="1.0" encoding="UTF-8"?>
<testsuites name="Mocha Tests" time="1.0060" tests="1" failures="0">
  <testsuite name="Root Suite" timestamp="2021-12-29T14:48:55" tests="0" file="cypress/integration/apiTests.spec.js" time="0.0000" failures="0">
  </testsuite>
  <testsuite name="Perform API tests via Cypress" timestamp="2021-12-29T14:48:55" tests="1" time="0.9820" failures="0">
    <testcase name="Perform API tests via Cypress tricks the API to return article from fixture" time="0.9630" classname="tricks the API to return article from fixture">
    </testcase>
  </testsuite>
</testsuites>