<?xml version="1.0" encoding="UTF-8"?>
<testsuites name="Mocha Tests" time="2.0590" tests="1" failures="0">
  <testsuite name="Root Suite" timestamp="2021-12-30T15:11:29" tests="0" file="cypress/integration/secondTest.spec.js" time="0.0000" failures="0">
  </testsuite>
  <testsuite name="Test logout" timestamp="2021-12-30T15:11:29" tests="1" time="2.0350" failures="0">
    <testcase name="Test logout verify user can log out successfuly" time="2.0040" classname="verify user can log out successfuly">
    </testcase>
  </testsuite>
</testsuites>