<?xml version="1.0" encoding="UTF-8"?>
<testsuites name="Mocha Tests" time="4.3310" tests="1" failures="0">
  <testsuite name="Root Suite" timestamp="2021-12-30T15:12:26" tests="0" file="cypress/integration/secondTest.spec.js" time="0.0000" failures="0">
  </testsuite>
  <testsuite name="Test logout" timestamp="2021-12-30T15:12:26" tests="1" time="4.2800" failures="0">
    <testcase name="Test logout verify user can log out successfuly" time="3.8860" classname="verify user can log out successfuly">
    </testcase>
  </testsuite>
</testsuites>