<?xml version="1.0" encoding="UTF-8"?>
<testsuites name="Mocha Tests" time="1.8860" tests="1" failures="0">
  <testsuite name="Root Suite" timestamp="2021-12-30T15:11:35" tests="0" file="cypress/integration/secondTest.spec.js" time="0.0000" failures="0">
  </testsuite>
  <testsuite name="Test logout" timestamp="2021-12-30T15:11:35" tests="1" time="1.8700" failures="0">
    <testcase name="Test logout verify user can log out successfuly" time="1.8470" classname="verify user can log out successfuly">
    </testcase>
  </testsuite>
</testsuites>